Using pre-set license
Built from '2020.3/staging' branch; Version is '2020.3.22f1 (e1a7f79fd887) revision 14788599'; Using compiler version '192528614'; Build Type 'Release'
OS: 'Windows 10 Pro; OS build 19041.1348; Version 2004; 64bit' Language: 'pt' Physical Memory: 8071 MB
BatchMode: 1, IsHumanControllingUs: 0, StartBugReporterOnCrash: 0, Is64bit: 1, IsPro: 0

COMMAND LINE ARGUMENTS:
C:\Program Files\Unity\Hub\Editor\2020.3.22f1\Editor\Unity.exe
-adb2
-batchMode
-noUpm
-name
AssetImportWorker0
-projectPath
C:/Users/victor.schmitt/Documents/GitHub/mooD/Mood
-logFile
Logs/AssetImportWorker0.log
-srvPort
63739
Successfully changed project path to: C:/Users/victor.schmitt/Documents/GitHub/mooD/Mood
C:/Users/victor.schmitt/Documents/GitHub/mooD/Mood
Using Asset Import Pipeline V2.
Refreshing native plugins compatible for Editor in 46.38 ms, found 2 plugins.
Preloading 0 native plugins for Editor in 0.00 ms.
Initialize engine version: 2020.3.22f1 (e1a7f79fd887)
[Subsystems] Discovering subsystems at path C:/Program Files/Unity/Hub/Editor/2020.3.22f1/Editor/Data/Resources/UnitySubsystems
[Subsystems] Discovering subsystems at path C:/Users/victor.schmitt/Documents/GitHub/mooD/Mood/Assets
GfxDevice: creating device client; threaded=0
Direct3D:
    Version:  Direct3D 11.0 [level 11.0]
    Renderer: Intel(R) HD Graphics (ID=0x152)
    Vendor:   
    VRAM:     128 MB
    Driver:   10.18.10.4252
Initialize mono
Mono path[0] = 'C:/Program Files/Unity/Hub/Editor/2020.3.22f1/Editor/Data/Managed'
Mono path[1] = 'C:/Program Files/Unity/Hub/Editor/2020.3.22f1/Editor/Data/MonoBleedingEdge/lib/mono/unityjit'
Mono config path = 'C:/Program Files/Unity/Hub/Editor/2020.3.22f1/Editor/Data/MonoBleedingEdge/etc'
Using monoOptions --debugger-agent=transport=dt_socket,embedding=1,server=y,suspend=n,address=127.0.0.1:56756
Begin MonoManager ReloadAssembly
Registering precompiled unity dll's ...
Register platform support module: C:/Program Files/Unity/Hub/Editor/2020.3.22f1/Editor/Data/PlaybackEngines/WindowsStandaloneSupport/UnityEditor.WindowsStandalone.Extensions.dll
Registered in 0.002696 seconds.
Native extension for WindowsStandalone target not found
Refreshing native plugins compatible for Editor in 45.87 ms, found 2 plugins.
Preloading 0 native plugins for Editor in 0.00 ms.
Mono: successfully reloaded assembly
- Completed reload, in  2.678 seconds
Domain Reload Profiling:
	ReloadAssembly (2678ms)
		BeginReloadAssembly (76ms)
			ExecutionOrderSort (0ms)
			DisableScriptedObjects (0ms)
			BackupInstance (0ms)
			ReleaseScriptingObjects (0ms)
			CreateAndSetChildDomain (1ms)
		EndReloadAssembly (665ms)
			LoadAssemblies (73ms)
			RebuildTransferFunctionScriptingTraits (0ms)
			SetupTypeCache (234ms)
			ReleaseScriptCaches (0ms)
			RebuildScriptCaches (43ms)
			SetupLoadedEditorAssemblies (230ms)
				LogAssemblyErrors (0ms)
				InitializePlatformSupportModulesInManaged (5ms)
				SetLoadedEditorAssemblies (0ms)
				RefreshPlugins (46ms)
				BeforeProcessingInitializeOnLoad (19ms)
				ProcessInitializeOnLoadAttributes (118ms)
				ProcessInitializeOnLoadMethodAttributes (41ms)
				AfterProcessingInitializeOnLoad (0ms)
				EditorAssembliesLoaded (0ms)
			ExecutionOrderSort2 (0ms)
			AwakeInstancesAfterBackupRestoration (0ms)
Platform modules already initialized, skipping
Registering precompiled user dll's ...
Registered in 0.006177 seconds.
Begin MonoManager ReloadAssembly
Native extension for WindowsStandalone target not found
Refreshing native plugins compatible for Editor in 0.51 ms, found 2 plugins.
Preloading 0 native plugins for Editor in 0.00 ms.
Mono: successfully reloaded assembly
- Completed reload, in  1.428 seconds
Domain Reload Profiling:
	ReloadAssembly (1429ms)
		BeginReloadAssembly (207ms)
			ExecutionOrderSort (0ms)
			DisableScriptedObjects (7ms)
			BackupInstance (0ms)
			ReleaseScriptingObjects (0ms)
			CreateAndSetChildDomain (28ms)
		EndReloadAssembly (1133ms)
			LoadAssemblies (130ms)
			RebuildTransferFunctionScriptingTraits (0ms)
			SetupTypeCache (384ms)
			ReleaseScriptCaches (0ms)
			RebuildScriptCaches (59ms)
			SetupLoadedEditorAssemblies (432ms)
				LogAssemblyErrors (0ms)
				InitializePlatformSupportModulesInManaged (7ms)
				SetLoadedEditorAssemblies (1ms)
				RefreshPlugins (1ms)
				BeforeProcessingInitializeOnLoad (107ms)
				ProcessInitializeOnLoadAttributes (291ms)
				ProcessInitializeOnLoadMethodAttributes (17ms)
				AfterProcessingInitializeOnLoad (10ms)
				EditorAssembliesLoaded (1ms)
			ExecutionOrderSort2 (0ms)
			AwakeInstancesAfterBackupRestoration (10ms)
Platform modules already initialized, skipping
========================================================================
Worker process is ready to serve import requests
Launched and connected shader compiler UnityShaderCompiler.exe after 0.08 seconds
Refreshing native plugins compatible for Editor in 0.49 ms, found 2 plugins.
Preloading 0 native plugins for Editor in 0.00 ms.
Unloading 1492 Unused Serialized files (Serialized files now loaded: 0)
System memory in use before: 67.8 MB.
System memory in use after: 67.8 MB.

Unloading 19 unused Assets to reduce memory usage. Loaded Objects now: 1924.
Total: 3.532600 ms (FindLiveObjects: 0.177100 ms CreateObjectMapping: 0.073100 ms MarkObjects: 3.183800 ms  DeleteObjects: 0.097100 ms)

AssetImportParameters requested are different than current active one (requested -> active):
  custom:framework-win-MediaFoundation: 216162199b28c13a410421893ffa2e32 -> 
  custom:video-decoder-ogg-theora: a1e56fd34408186e4bbccfd4996cb3dc -> 
  custom:container-muxer-webm: aa71ff27fc2769a1b78a27578f13a17b -> 
  custom:container-demuxer-webm: 4f35f7cbe854078d1ac9338744f61a02 -> 
  custom:container-demuxer-ogg: 62fdf1f143b41e24485cea50d1cbac27 -> 
  custom:video-encoder-webm-vp8: eb34c28f22e8b96e1ab97ce403110664 -> 
  custom:video-decoder-webm-vp8: 9c59270c3fd7afecdb556c50c9e8de78 -> 
  custom:audio-decoder-ogg-vorbis: bf7c407c2cedff20999df2af8eb42d56 -> 
  custom:audio-encoder-webm-vorbis: bf7c407c2cedff20999df2af8eb42d56 -> 
========================================================================
Received Import Request.
  path: Assets/Double-barrel gun/Prefab/Double-barrel_gun.prefab
  artifactKey: Guid(b02ea55a7090ed64ba3cafe8b77625f6) Importer(815301076,1909f56bfc062723c751e8b465ee728b)
Start importing Assets/Double-barrel gun/Prefab/Double-barrel_gun.prefab using Guid(b02ea55a7090ed64ba3cafe8b77625f6) Importer(815301076,1909f56bfc062723c751e8b465ee728b)  -> (artifact id: '016576b20f4c58d4c65f1042a23bab93') in 0.380746 seconds 
  Import took 0.386716 seconds .

========================================================================
Received Import Request.
  Time since last request: 0.000315 seconds.
  path: Assets/Double-barrel gun/Material/Mat_double_barreled_gun.mat
  artifactKey: Guid(3f0103142c8b3e14d942e0bbabd9ab65) Importer(815301076,1909f56bfc062723c751e8b465ee728b)
Start importing Assets/Double-barrel gun/Material/Mat_double_barreled_gun.mat using Guid(3f0103142c8b3e14d942e0bbabd9ab65) Importer(815301076,1909f56bfc062723c751e8b465ee728b)  -> (artifact id: '70c9b7d037fd0725a306f170bd2b7d56') in 0.327093 seconds 
  Import took 0.336171 seconds .

========================================================================
Received Import Request.
  Time since last request: 182.001821 seconds.
  path: Assets/Animatons/Gun
  artifactKey: Guid(b66f44fe89085d742bb23471e18ac981) Importer(815301076,1909f56bfc062723c751e8b465ee728b)
Start importing Assets/Animatons/Gun using Guid(b66f44fe89085d742bb23471e18ac981) Importer(815301076,1909f56bfc062723c751e8b465ee728b)  -> (artifact id: '9a17598db9db4df9d148b58fa714e9cc') in 0.013470 seconds 
  Import took 0.018851 seconds .

========================================================================
Received Import Request.
  Time since last request: 0.772271 seconds.
  path: Assets/Animatons/Gun/ShotGun
  artifactKey: Guid(0f3bfb6888ba4454587755ca00b4d0e0) Importer(815301076,1909f56bfc062723c751e8b465ee728b)
Start importing Assets/Animatons/Gun/ShotGun using Guid(0f3bfb6888ba4454587755ca00b4d0e0) Importer(815301076,1909f56bfc062723c751e8b465ee728b)  -> (artifact id: '6799626195ff8c28e95223e991e268ea') in 0.016283 seconds 
  Import took 0.019795 seconds .

========================================================================
Received Import Request.
  Time since last request: 0.251508 seconds.
  path: Assets/Animatons/Gun/ShotGun/AmmunitionLeft.controller
  artifactKey: Guid(5a6c7cf8ff9bc3b43977524d6d3c590a) Importer(815301076,1909f56bfc062723c751e8b465ee728b)
Start importing Assets/Animatons/Gun/ShotGun/AmmunitionLeft.controller using Guid(5a6c7cf8ff9bc3b43977524d6d3c590a) Importer(815301076,1909f56bfc062723c751e8b465ee728b)  -> (artifact id: '72720d4d3203a33de81da4372a9ef6f3') in 0.020996 seconds 
  Import took 0.026188 seconds .

========================================================================
Received Import Request.
  Time since last request: 1.387166 seconds.
  path: Assets/Animatons/Gun/ShotGun/ShotGunAmmunitionLeft.anim
  artifactKey: Guid(f6c6e5b54a75d4446b38e5cec8cc813c) Importer(815301076,1909f56bfc062723c751e8b465ee728b)
Start importing Assets/Animatons/Gun/ShotGun/ShotGunAmmunitionLeft.anim using Guid(f6c6e5b54a75d4446b38e5cec8cc813c) Importer(815301076,1909f56bfc062723c751e8b465ee728b)  -> (artifact id: '5cc5b022b238d92ccdf2383206052e25') in 0.013407 seconds 
  Import took 0.016896 seconds .

========================================================================
Received Import Request.
  Time since last request: 3.020794 seconds.
  path: Assets/Animatons/Gun/ShotGun/Reload.controller
  artifactKey: Guid(4f9a2805149d2814cb85058856d9a05f) Importer(815301076,1909f56bfc062723c751e8b465ee728b)
Start importing Assets/Animatons/Gun/ShotGun/Reload.controller using Guid(4f9a2805149d2814cb85058856d9a05f) Importer(815301076,1909f56bfc062723c751e8b465ee728b)  -> (artifact id: '55fe7520317ec6e73046031f0f08eb3e') in 0.016173 seconds 
  Import took 0.020647 seconds .

========================================================================
Received Import Request.
  Time since last request: 1.168761 seconds.
  path: Assets/Animatons/Gun/ShotGun/ShotGunAmmunitionRight.anim
  artifactKey: Guid(3b18dfb7ec33eb7499031597f1cbc62f) Importer(815301076,1909f56bfc062723c751e8b465ee728b)
Start importing Assets/Animatons/Gun/ShotGun/ShotGunAmmunitionRight.anim using Guid(3b18dfb7ec33eb7499031597f1cbc62f) Importer(815301076,1909f56bfc062723c751e8b465ee728b)  -> (artifact id: 'c0aeed22eb99c91db589ce2eb9503fbe') in 0.014710 seconds 
  Import took 0.018835 seconds .

========================================================================
Received Import Request.
  Time since last request: 2.183709 seconds.
  path: Assets/Animatons/Gun/ShotGun/ShotGunIdlle.anim
  artifactKey: Guid(265abf2fb88082b4f9c11d7794f75f54) Importer(815301076,1909f56bfc062723c751e8b465ee728b)
Start importing Assets/Animatons/Gun/ShotGun/ShotGunIdlle.anim using Guid(265abf2fb88082b4f9c11d7794f75f54) Importer(815301076,1909f56bfc062723c751e8b465ee728b)  -> (artifact id: '6b0d6d864129c36b337c1bab174daa40') in 0.030888 seconds 
  Import took 0.034330 seconds .

========================================================================
Received Import Request.
  Time since last request: 143.528558 seconds.
  path: Assets/Animatons/Gun/ShotGun/ShotGunReload.anim
  artifactKey: Guid(1976be898a33de1429308cc5a20fb914) Importer(815301076,1909f56bfc062723c751e8b465ee728b)
Start importing Assets/Animatons/Gun/ShotGun/ShotGunReload.anim using Guid(1976be898a33de1429308cc5a20fb914) Importer(815301076,1909f56bfc062723c751e8b465ee728b)  -> (artifact id: '436700dd19b4c74242097a4043730a38') in 0.017382 seconds 
  Import took 0.020880 seconds .

========================================================================
Received Prepare
Refreshing native plugins compatible for Editor in 4.21 ms, found 2 plugins.
Preloading 0 native plugins for Editor in 0.00 ms.
Unloading 12 Unused Serialized files (Serialized files now loaded: 0)
System memory in use before: 41.8 MB.
System memory in use after: 41.9 MB.

Unloading 12 unused Assets to reduce memory usage. Loaded Objects now: 1964.
Total: 4.546200 ms (FindLiveObjects: 0.209100 ms CreateObjectMapping: 0.074600 ms MarkObjects: 4.244000 ms  DeleteObjects: 0.017500 ms)

AssetImportParameters requested are different than current active one (requested -> active):
  custom:framework-win-MediaFoundation: 216162199b28c13a410421893ffa2e32 -> 
  custom:video-decoder-ogg-theora: a1e56fd34408186e4bbccfd4996cb3dc -> 
  custom:container-muxer-webm: aa71ff27fc2769a1b78a27578f13a17b -> 
  custom:container-demuxer-webm: 4f35f7cbe854078d1ac9338744f61a02 -> 
  custom:container-demuxer-ogg: 62fdf1f143b41e24485cea50d1cbac27 -> 
  custom:video-encoder-webm-vp8: eb34c28f22e8b96e1ab97ce403110664 -> 
  custom:video-decoder-webm-vp8: 9c59270c3fd7afecdb556c50c9e8de78 -> 
  custom:audio-decoder-ogg-vorbis: bf7c407c2cedff20999df2af8eb42d56 -> 
  custom:audio-encoder-webm-vorbis: bf7c407c2cedff20999df2af8eb42d56 -> 
========================================================================
Received Import Request.
  Time since last request: 46.096146 seconds.
  path: Assets/Animatons/Gun/ShotGun/weapon_shellsLeft.controller
  artifactKey: Guid(d7e700ed43c571541b027e28be62d1bf) Importer(815301076,1909f56bfc062723c751e8b465ee728b)
Start importing Assets/Animatons/Gun/ShotGun/weapon_shellsLeft.controller using Guid(d7e700ed43c571541b027e28be62d1bf) Importer(815301076,1909f56bfc062723c751e8b465ee728b)  -> (artifact id: '5257c2f1803da41a98997f44884881b9') in 0.015720 seconds 
  Import took 0.019725 seconds .

========================================================================
Received Import Request.
  Time since last request: 6.829208 seconds.
  path: Assets/Animatons/Gun/ShotGun/AmmunitionRight.controller
  artifactKey: Guid(2236afbb27e28bc47a2f2564a493b721) Importer(815301076,1909f56bfc062723c751e8b465ee728b)
Start importing Assets/Animatons/Gun/ShotGun/AmmunitionRight.controller using Guid(2236afbb27e28bc47a2f2564a493b721) Importer(815301076,1909f56bfc062723c751e8b465ee728b)  -> (artifact id: '02ce961edda20a749c13496aea688e75') in 0.014296 seconds 
  Import took 0.017977 seconds .

========================================================================
Received Import Request.
  Time since last request: 19.791270 seconds.
  path: Assets/Animatons/Gun/ShotGun/double_barreled_gun2.controller
  artifactKey: Guid(52121077592cb5940943e8ff4232a44b) Importer(815301076,1909f56bfc062723c751e8b465ee728b)
Start importing Assets/Animatons/Gun/ShotGun/double_barreled_gun2.controller using Guid(52121077592cb5940943e8ff4232a44b) Importer(815301076,1909f56bfc062723c751e8b465ee728b)  -> (artifact id: 'ead181051ceaa7f5117da18a525932ea') in 0.013541 seconds 
  Import took 0.017063 seconds .

========================================================================
Received Import Request.
  Time since last request: 78.976602 seconds.
  path: Assets/Scripts/Player
  artifactKey: Guid(5ef82f9a76cba73449c341a1dced0700) Importer(815301076,1909f56bfc062723c751e8b465ee728b)
Start importing Assets/Scripts/Player using Guid(5ef82f9a76cba73449c341a1dced0700) Importer(815301076,1909f56bfc062723c751e8b465ee728b)  -> (artifact id: '0c1f791e00392fbf097b7b57c5e08b55') in 0.011122 seconds 
  Import took 0.014889 seconds .

========================================================================
Received Import Request.
  Time since last request: 0.820204 seconds.
  path: Assets/Scripts/Player/PlayerShotGun.cs
  artifactKey: Guid(b77cb30ec3b8f794b965dd669e82d7ea) Importer(815301076,1909f56bfc062723c751e8b465ee728b)
Start importing Assets/Scripts/Player/PlayerShotGun.cs using Guid(b77cb30ec3b8f794b965dd669e82d7ea) Importer(815301076,1909f56bfc062723c751e8b465ee728b)  -> (artifact id: '201a9d03c69e7fd48f37f23abaf2e286') in 0.024169 seconds 
  Import took 0.027515 seconds .

========================================================================
Received Import Request.
  Time since last request: 0.566022 seconds.
  path: Assets/Scripts/Player/PlayerMovement.cs
  artifactKey: Guid(2c4add347eb2d8940b129220af44ce2e) Importer(815301076,1909f56bfc062723c751e8b465ee728b)
Start importing Assets/Scripts/Player/PlayerMovement.cs using Guid(2c4add347eb2d8940b129220af44ce2e) Importer(815301076,1909f56bfc062723c751e8b465ee728b)  -> (artifact id: '17c2136be2e316be27c577f01c2c7f4c') in 0.010302 seconds 
  Import took 0.015299 seconds .

========================================================================
Received Import Request.
  Time since last request: 0.711049 seconds.
  path: Assets/Scripts/Player/PlayerCameraMovement.cs
  artifactKey: Guid(9fc50b5e227c43a4eb32bf1c1a567c5b) Importer(815301076,1909f56bfc062723c751e8b465ee728b)
Start importing Assets/Scripts/Player/PlayerCameraMovement.cs using Guid(9fc50b5e227c43a4eb32bf1c1a567c5b) Importer(815301076,1909f56bfc062723c751e8b465ee728b)  -> (artifact id: '2a3b14c1cf1b6f7ed0d5b7b7ecce30e4') in 0.010153 seconds 
  Import took 0.014893 seconds .

========================================================================
Received Prepare
Registering precompiled user dll's ...
Registered in 0.006286 seconds.
Begin MonoManager ReloadAssembly
Native extension for WindowsStandalone target not found
Refreshing native plugins compatible for Editor in 0.58 ms, found 2 plugins.
Preloading 0 native plugins for Editor in 0.00 ms.
Mono: successfully reloaded assembly
- Completed reload, in  1.426 seconds
Domain Reload Profiling:
	ReloadAssembly (1427ms)
		BeginReloadAssembly (177ms)
			ExecutionOrderSort (0ms)
			DisableScriptedObjects (9ms)
			BackupInstance (0ms)
			ReleaseScriptingObjects (0ms)
			CreateAndSetChildDomain (55ms)
		EndReloadAssembly (1146ms)
			LoadAssemblies (135ms)
			RebuildTransferFunctionScriptingTraits (0ms)
			SetupTypeCache (406ms)
			ReleaseScriptCaches (1ms)
			RebuildScriptCaches (58ms)
			SetupLoadedEditorAssemblies (412ms)
				LogAssemblyErrors (0ms)
				InitializePlatformSupportModulesInManaged (7ms)
				SetLoadedEditorAssemblies (1ms)
				RefreshPlugins (1ms)
				BeforeProcessingInitializeOnLoad (109ms)
				ProcessInitializeOnLoadAttributes (271ms)
				ProcessInitializeOnLoadMethodAttributes (13ms)
				AfterProcessingInitializeOnLoad (10ms)
				EditorAssembliesLoaded (0ms)
			ExecutionOrderSort2 (0ms)
			AwakeInstancesAfterBackupRestoration (10ms)
Platform modules already initialized, skipping
Refreshing native plugins compatible for Editor in 0.49 ms, found 2 plugins.
Preloading 0 native plugins for Editor in 0.00 ms.
Unloading 1485 Unused Serialized files (Serialized files now loaded: 0)
System memory in use before: 70.9 MB.
System memory in use after: 71.0 MB.

Unloading 14 unused Assets to reduce memory usage. Loaded Objects now: 1966.
Total: 3.442800 ms (FindLiveObjects: 0.190500 ms CreateObjectMapping: 0.070900 ms MarkObjects: 3.157000 ms  DeleteObjects: 0.022900 ms)

AssetImportParameters requested are different than current active one (requested -> active):
  custom:framework-win-MediaFoundation: 216162199b28c13a410421893ffa2e32 -> 
  custom:video-decoder-ogg-theora: a1e56fd34408186e4bbccfd4996cb3dc -> 
  custom:container-muxer-webm: aa71ff27fc2769a1b78a27578f13a17b -> 
  custom:container-demuxer-webm: 4f35f7cbe854078d1ac9338744f61a02 -> 
  custom:container-demuxer-ogg: 62fdf1f143b41e24485cea50d1cbac27 -> 
  custom:video-encoder-webm-vp8: eb34c28f22e8b96e1ab97ce403110664 -> 
  custom:video-decoder-webm-vp8: 9c59270c3fd7afecdb556c50c9e8de78 -> 
  custom:audio-decoder-ogg-vorbis: bf7c407c2cedff20999df2af8eb42d56 -> 
  custom:audio-encoder-webm-vorbis: bf7c407c2cedff20999df2af8eb42d56 -> 
========================================================================
Received Prepare
Registering precompiled user dll's ...
Registered in 0.007431 seconds.
Begin MonoManager ReloadAssembly
Native extension for WindowsStandalone target not found
Refreshing native plugins compatible for Editor in 0.48 ms, found 2 plugins.
Preloading 0 native plugins for Editor in 0.00 ms.
Mono: successfully reloaded assembly
- Completed reload, in  1.465 seconds
Domain Reload Profiling:
	ReloadAssembly (1465ms)
		BeginReloadAssembly (158ms)
			ExecutionOrderSort (0ms)
			DisableScriptedObjects (7ms)
			BackupInstance (0ms)
			ReleaseScriptingObjects (0ms)
			CreateAndSetChildDomain (47ms)
		EndReloadAssembly (1217ms)
			LoadAssemblies (126ms)
			RebuildTransferFunctionScriptingTraits (0ms)
			SetupTypeCache (478ms)
			ReleaseScriptCaches (1ms)
			RebuildScriptCaches (56ms)
			SetupLoadedEditorAssemblies (415ms)
				LogAssemblyErrors (0ms)
				InitializePlatformSupportModulesInManaged (7ms)
				SetLoadedEditorAssemblies (1ms)
				RefreshPlugins (1ms)
				BeforeProcessingInitializeOnLoad (117ms)
				ProcessInitializeOnLoadAttributes (268ms)
				ProcessInitializeOnLoadMethodAttributes (12ms)
				AfterProcessingInitializeOnLoad (9ms)
				EditorAssembliesLoaded (0ms)
			ExecutionOrderSort2 (0ms)
			AwakeInstancesAfterBackupRestoration (9ms)
Platform modules already initialized, skipping
Refreshing native plugins compatible for Editor in 0.59 ms, found 2 plugins.
Preloading 0 native plugins for Editor in 0.00 ms.
Unloading 1485 Unused Serialized files (Serialized files now loaded: 0)
System memory in use before: 70.9 MB.
System memory in use after: 71.0 MB.

Unloading 14 unused Assets to reduce memory usage. Loaded Objects now: 1968.
Total: 3.485400 ms (FindLiveObjects: 0.187700 ms CreateObjectMapping: 0.074100 ms MarkObjects: 3.198800 ms  DeleteObjects: 0.023300 ms)

AssetImportParameters requested are different than current active one (requested -> active):
  custom:framework-win-MediaFoundation: 216162199b28c13a410421893ffa2e32 -> 
  custom:video-decoder-ogg-theora: a1e56fd34408186e4bbccfd4996cb3dc -> 
  custom:container-muxer-webm: aa71ff27fc2769a1b78a27578f13a17b -> 
  custom:container-demuxer-webm: 4f35f7cbe854078d1ac9338744f61a02 -> 
  custom:container-demuxer-ogg: 62fdf1f143b41e24485cea50d1cbac27 -> 
  custom:video-encoder-webm-vp8: eb34c28f22e8b96e1ab97ce403110664 -> 
  custom:video-decoder-webm-vp8: 9c59270c3fd7afecdb556c50c9e8de78 -> 
  custom:audio-decoder-ogg-vorbis: bf7c407c2cedff20999df2af8eb42d56 -> 
  custom:audio-encoder-webm-vorbis: bf7c407c2cedff20999df2af8eb42d56 -> 
AssetImportWorkerClient::OnTransportError - code=2 error=End of file
